n=4

A:
0.000000 0.000000 1.000000 0.500000 
0.333333 0.000000 0.000000 0.000000 
0.333333 0.500000 0.000000 0.500000 
0.333333 0.500000 0.000000 0.000000 

b0:
0.500000
0.500000
0.500000
0.500000

delta 0: 0.626224
delta 1: 0.234651
delta 2: 0.091438
delta 3: 0.021550
delta 4: 0.012705
delta 5: 0.001872
delta 6: 0.001299
delta 7: 0.000343
delta 8: 0.000112
delta 9: 0.000056
delta 10: 0.000009
delta 11: 0.000007
delta 12: 0.000001
delta 13: 0.000001

After 14 iterations to dominant eigenvector b:
0.387097
0.129032
0.290323
0.193548

Converged successfully
