n=5

A:
0.000000 0.000000 0.500000 0.500000 0.000000 
0.333333 0.000000 0.000000 0.000000 0.000000 
0.333333 0.500000 0.000000 0.500000 1.000000 
0.333333 0.500000 0.000000 0.000000 0.000000 
0.000000 0.000000 0.500000 0.000000 0.000000 

b0:
0.447214
0.447214
0.447214
0.447214
0.447214

delta 0: 1.004291
delta 1: 0.555741
delta 2: 0.199859
delta 3: 0.066972
delta 4: 0.022052
delta 5: 0.009887
delta 6: 0.003473
delta 7: 0.001572
delta 8: 0.000514
delta 9: 0.000244
delta 10: 0.000099
delta 11: 0.000041
delta 12: 0.000021
delta 13: 0.000008
delta 14: 0.000004
delta 15: 0.000002
delta 16: 0.000001

After 17 iterations to dominant eigenvector b:
0.244898
0.081633
0.367347
0.122449
0.183673

Converged successfully
